2025-04-17T09:06:23+00:00	BusyBoxLogs	{"source":"stdout","log":"Hello from busybox","container_id":"0b8deae09cf6b527d51cb36c8c75bd60b324423f839dc31b5d0f41c334c6d0f6","container_name":"/beautiful_hermann"}
2025-04-17T09:07:32+00:00	Nginxlogs	{"container_id":"a9866bd56eac5ff07054e94106ccde45abc00abf41837a7681a6001fdfdf01dc","container_name":"/pensive_ride","source":"stdout","log":"/docker-entrypoint.sh: /docker-entrypoint.d/ is not empty, will attempt to perform configuration"}
2025-04-17T09:07:32+00:00	Nginxlogs	{"container_id":"a9866bd56eac5ff07054e94106ccde45abc00abf41837a7681a6001fdfdf01dc","container_name":"/pensive_ride","source":"stdout","log":"/docker-entrypoint.sh: Looking for shell scripts in /docker-entrypoint.d/"}
2025-04-17T09:07:32+00:00	Nginxlogs	{"source":"stdout","log":"/docker-entrypoint.sh: Launching /docker-entrypoint.d/10-listen-on-ipv6-by-default.sh","container_id":"a9866bd56eac5ff07054e94106ccde45abc00abf41837a7681a6001fdfdf01dc","container_name":"/pensive_ride"}
2025-04-17T09:07:32+00:00	Nginxlogs	{"container_name":"/pensive_ride","source":"stdout","log":"10-listen-on-ipv6-by-default.sh: info: Getting the checksum of /etc/nginx/conf.d/default.conf","container_id":"a9866bd56eac5ff07054e94106ccde45abc00abf41837a7681a6001fdfdf01dc"}
2025-04-17T09:07:32+00:00	Nginxlogs	{"source":"stdout","log":"10-listen-on-ipv6-by-default.sh: info: Enabled listen on IPv6 in /etc/nginx/conf.d/default.conf","container_id":"a9866bd56eac5ff07054e94106ccde45abc00abf41837a7681a6001fdfdf01dc","container_name":"/pensive_ride"}
2025-04-17T09:07:32+00:00	Nginxlogs	{"container_id":"a9866bd56eac5ff07054e94106ccde45abc00abf41837a7681a6001fdfdf01dc","container_name":"/pensive_ride","source":"stdout","log":"/docker-entrypoint.sh: Sourcing /docker-entrypoint.d/15-local-resolvers.envsh"}
2025-04-17T09:07:32+00:00	Nginxlogs	{"source":"stdout","log":"/docker-entrypoint.sh: Launching /docker-entrypoint.d/20-envsubst-on-templates.sh","container_id":"a9866bd56eac5ff07054e94106ccde45abc00abf41837a7681a6001fdfdf01dc","container_name":"/pensive_ride"}
2025-04-17T09:07:32+00:00	Nginxlogs	{"container_name":"/pensive_ride","source":"stdout","log":"/docker-entrypoint.sh: Launching /docker-entrypoint.d/30-tune-worker-processes.sh","container_id":"a9866bd56eac5ff07054e94106ccde45abc00abf41837a7681a6001fdfdf01dc"}
2025-04-17T09:07:32+00:00	Nginxlogs	{"container_name":"/pensive_ride","source":"stdout","log":"/docker-entrypoint.sh: Configuration complete; ready for start up","container_id":"a9866bd56eac5ff07054e94106ccde45abc00abf41837a7681a6001fdfdf01dc"}
2025-04-17T09:07:32+00:00	Nginxlogs	{"log":"2025/04/17 09:07:32 [notice] 1#1: using the \"epoll\" event method","container_id":"a9866bd56eac5ff07054e94106ccde45abc00abf41837a7681a6001fdfdf01dc","container_name":"/pensive_ride","source":"stderr"}
2025-04-17T09:07:32+00:00	Nginxlogs	{"source":"stderr","log":"2025/04/17 09:07:32 [notice] 1#1: nginx/1.27.4","container_id":"a9866bd56eac5ff07054e94106ccde45abc00abf41837a7681a6001fdfdf01dc","container_name":"/pensive_ride"}
2025-04-17T09:07:32+00:00	Nginxlogs	{"source":"stderr","log":"2025/04/17 09:07:32 [notice] 1#1: built by gcc 12.2.0 (Debian 12.2.0-14) ","container_id":"a9866bd56eac5ff07054e94106ccde45abc00abf41837a7681a6001fdfdf01dc","container_name":"/pensive_ride"}
2025-04-17T09:07:32+00:00	Nginxlogs	{"container_name":"/pensive_ride","source":"stderr","log":"2025/04/17 09:07:32 [notice] 1#1: OS: Linux 6.8.0-57-generic","container_id":"a9866bd56eac5ff07054e94106ccde45abc00abf41837a7681a6001fdfdf01dc"}
2025-04-17T09:07:32+00:00	Nginxlogs	{"source":"stderr","log":"2025/04/17 09:07:32 [notice] 1#1: getrlimit(RLIMIT_NOFILE): 1048576:1048576","container_id":"a9866bd56eac5ff07054e94106ccde45abc00abf41837a7681a6001fdfdf01dc","container_name":"/pensive_ride"}
2025-04-17T09:07:32+00:00	Nginxlogs	{"log":"2025/04/17 09:07:32 [notice] 1#1: start worker processes","container_id":"a9866bd56eac5ff07054e94106ccde45abc00abf41837a7681a6001fdfdf01dc","container_name":"/pensive_ride","source":"stderr"}
2025-04-17T09:07:32+00:00	Nginxlogs	{"log":"2025/04/17 09:07:32 [notice] 1#1: start worker process 29","container_id":"a9866bd56eac5ff07054e94106ccde45abc00abf41837a7681a6001fdfdf01dc","container_name":"/pensive_ride","source":"stderr"}
2025-04-17T09:07:32+00:00	Nginxlogs	{"container_name":"/pensive_ride","source":"stderr","log":"2025/04/17 09:07:32 [notice] 1#1: start worker process 30","container_id":"a9866bd56eac5ff07054e94106ccde45abc00abf41837a7681a6001fdfdf01dc"}
2025-04-17T09:07:32+00:00	Nginxlogs	{"log":"2025/04/17 09:07:32 [notice] 1#1: start worker process 31","container_id":"a9866bd56eac5ff07054e94106ccde45abc00abf41837a7681a6001fdfdf01dc","container_name":"/pensive_ride","source":"stderr"}
2025-04-17T09:07:32+00:00	Nginxlogs	{"source":"stderr","log":"2025/04/17 09:07:32 [notice] 1#1: start worker process 32","container_id":"a9866bd56eac5ff07054e94106ccde45abc00abf41837a7681a6001fdfdf01dc","container_name":"/pensive_ride"}
2025-04-17T09:07:32+00:00	Nginxlogs	{"container_name":"/pensive_ride","source":"stderr","log":"2025/04/17 09:07:32 [notice] 1#1: start worker process 33","container_id":"a9866bd56eac5ff07054e94106ccde45abc00abf41837a7681a6001fdfdf01dc"}
2025-04-17T09:07:32+00:00	Nginxlogs	{"log":"2025/04/17 09:07:32 [notice] 1#1: start worker process 34","container_id":"a9866bd56eac5ff07054e94106ccde45abc00abf41837a7681a6001fdfdf01dc","container_name":"/pensive_ride","source":"stderr"}
2025-04-17T09:07:32+00:00	Nginxlogs	{"container_name":"/pensive_ride","source":"stderr","log":"2025/04/17 09:07:32 [notice] 1#1: start worker process 35","container_id":"a9866bd56eac5ff07054e94106ccde45abc00abf41837a7681a6001fdfdf01dc"}
2025-04-17T09:07:32+00:00	Nginxlogs	{"container_id":"a9866bd56eac5ff07054e94106ccde45abc00abf41837a7681a6001fdfdf01dc","container_name":"/pensive_ride","source":"stderr","log":"2025/04/17 09:07:32 [notice] 1#1: start worker process 36"}
2025-04-17T09:07:42+00:00	Nginxlogs	{"container_id":"a9866bd56eac5ff07054e94106ccde45abc00abf41837a7681a6001fdfdf01dc","container_name":"/pensive_ride","source":"stderr","log":"2025/04/17 09:07:42 [notice] 1#1: signal 2 (SIGINT) received, exiting"}
2025-04-17T09:07:42+00:00	Nginxlogs	{"container_id":"a9866bd56eac5ff07054e94106ccde45abc00abf41837a7681a6001fdfdf01dc","container_name":"/pensive_ride","source":"stderr","log":"2025/04/17 09:07:42 [notice] 29#29: exiting"}
2025-04-17T09:07:42+00:00	Nginxlogs	{"source":"stderr","log":"2025/04/17 09:07:42 [notice] 30#30: exiting","container_id":"a9866bd56eac5ff07054e94106ccde45abc00abf41837a7681a6001fdfdf01dc","container_name":"/pensive_ride"}
2025-04-17T09:07:42+00:00	Nginxlogs	{"container_id":"a9866bd56eac5ff07054e94106ccde45abc00abf41837a7681a6001fdfdf01dc","container_name":"/pensive_ride","source":"stderr","log":"2025/04/17 09:07:42 [notice] 31#31: exiting"}
2025-04-17T09:07:42+00:00	Nginxlogs	{"container_id":"a9866bd56eac5ff07054e94106ccde45abc00abf41837a7681a6001fdfdf01dc","container_name":"/pensive_ride","source":"stderr","log":"2025/04/17 09:07:42 [notice] 32#32: exiting"}
2025-04-17T09:07:42+00:00	Nginxlogs	{"container_name":"/pensive_ride","source":"stderr","log":"2025/04/17 09:07:42 [notice] 35#35: exiting","container_id":"a9866bd56eac5ff07054e94106ccde45abc00abf41837a7681a6001fdfdf01dc"}
2025-04-17T09:07:42+00:00	Nginxlogs	{"source":"stderr","log":"2025/04/17 09:07:42 [notice] 32#32: exit","container_id":"a9866bd56eac5ff07054e94106ccde45abc00abf41837a7681a6001fdfdf01dc","container_name":"/pensive_ride"}
2025-04-17T09:07:42+00:00	Nginxlogs	{"container_id":"a9866bd56eac5ff07054e94106ccde45abc00abf41837a7681a6001fdfdf01dc","container_name":"/pensive_ride","source":"stderr","log":"2025/04/17 09:07:42 [notice] 30#30: exit"}
2025-04-17T09:07:42+00:00	Nginxlogs	{"container_id":"a9866bd56eac5ff07054e94106ccde45abc00abf41837a7681a6001fdfdf01dc","container_name":"/pensive_ride","source":"stderr","log":"2025/04/17 09:07:42 [notice] 29#29: exit"}
2025-04-17T09:07:42+00:00	Nginxlogs	{"container_id":"a9866bd56eac5ff07054e94106ccde45abc00abf41837a7681a6001fdfdf01dc","container_name":"/pensive_ride","source":"stderr","log":"2025/04/17 09:07:42 [notice] 35#35: exit"}
2025-04-17T09:07:42+00:00	Nginxlogs	{"source":"stderr","log":"2025/04/17 09:07:42 [notice] 34#34: exiting","container_id":"a9866bd56eac5ff07054e94106ccde45abc00abf41837a7681a6001fdfdf01dc","container_name":"/pensive_ride"}
2025-04-17T09:07:42+00:00	Nginxlogs	{"log":"2025/04/17 09:07:42 [notice] 36#36: exiting","container_id":"a9866bd56eac5ff07054e94106ccde45abc00abf41837a7681a6001fdfdf01dc","container_name":"/pensive_ride","source":"stderr"}
2025-04-17T09:07:42+00:00	Nginxlogs	{"container_id":"a9866bd56eac5ff07054e94106ccde45abc00abf41837a7681a6001fdfdf01dc","container_name":"/pensive_ride","source":"stderr","log":"2025/04/17 09:07:42 [notice] 33#33: exiting"}
2025-04-17T09:07:42+00:00	Nginxlogs	{"log":"2025/04/17 09:07:42 [notice] 34#34: exit","container_id":"a9866bd56eac5ff07054e94106ccde45abc00abf41837a7681a6001fdfdf01dc","container_name":"/pensive_ride","source":"stderr"}
2025-04-17T09:07:42+00:00	Nginxlogs	{"container_id":"a9866bd56eac5ff07054e94106ccde45abc00abf41837a7681a6001fdfdf01dc","container_name":"/pensive_ride","source":"stderr","log":"2025/04/17 09:07:42 [notice] 36#36: exit"}
2025-04-17T09:07:42+00:00	Nginxlogs	{"container_name":"/pensive_ride","source":"stderr","log":"2025/04/17 09:07:42 [notice] 33#33: exit","container_id":"a9866bd56eac5ff07054e94106ccde45abc00abf41837a7681a6001fdfdf01dc"}
2025-04-17T09:07:42+00:00	Nginxlogs	{"container_id":"a9866bd56eac5ff07054e94106ccde45abc00abf41837a7681a6001fdfdf01dc","container_name":"/pensive_ride","source":"stderr","log":"2025/04/17 09:07:42 [notice] 31#31: exit"}
2025-04-17T09:07:42+00:00	Nginxlogs	{"container_name":"/pensive_ride","source":"stderr","log":"2025/04/17 09:07:42 [notice] 1#1: signal 17 (SIGCHLD) received from 29","container_id":"a9866bd56eac5ff07054e94106ccde45abc00abf41837a7681a6001fdfdf01dc"}
2025-04-17T09:07:42+00:00	Nginxlogs	{"container_id":"a9866bd56eac5ff07054e94106ccde45abc00abf41837a7681a6001fdfdf01dc","container_name":"/pensive_ride","source":"stderr","log":"2025/04/17 09:07:42 [notice] 1#1: worker process 29 exited with code 0"}
2025-04-17T09:07:42+00:00	Nginxlogs	{"container_name":"/pensive_ride","source":"stderr","log":"2025/04/17 09:07:42 [notice] 1#1: signal 29 (SIGIO) received","container_id":"a9866bd56eac5ff07054e94106ccde45abc00abf41837a7681a6001fdfdf01dc"}
2025-04-17T09:07:42+00:00	Nginxlogs	{"log":"2025/04/17 09:07:42 [notice] 1#1: signal 17 (SIGCHLD) received from 34","container_id":"a9866bd56eac5ff07054e94106ccde45abc00abf41837a7681a6001fdfdf01dc","container_name":"/pensive_ride","source":"stderr"}
2025-04-17T09:07:42+00:00	Nginxlogs	{"container_id":"a9866bd56eac5ff07054e94106ccde45abc00abf41837a7681a6001fdfdf01dc","container_name":"/pensive_ride","source":"stderr","log":"2025/04/17 09:07:42 [notice] 1#1: worker process 34 exited with code 0"}
2025-04-17T09:07:42+00:00	Nginxlogs	{"container_id":"a9866bd56eac5ff07054e94106ccde45abc00abf41837a7681a6001fdfdf01dc","container_name":"/pensive_ride","source":"stderr","log":"2025/04/17 09:07:42 [notice] 1#1: signal 29 (SIGIO) received"}
2025-04-17T09:07:42+00:00	Nginxlogs	{"log":"2025/04/17 09:07:42 [notice] 1#1: signal 17 (SIGCHLD) received from 36","container_id":"a9866bd56eac5ff07054e94106ccde45abc00abf41837a7681a6001fdfdf01dc","container_name":"/pensive_ride","source":"stderr"}
2025-04-17T09:07:42+00:00	Nginxlogs	{"container_id":"a9866bd56eac5ff07054e94106ccde45abc00abf41837a7681a6001fdfdf01dc","container_name":"/pensive_ride","source":"stderr","log":"2025/04/17 09:07:42 [notice] 1#1: worker process 35 exited with code 0"}
2025-04-17T09:07:42+00:00	Nginxlogs	{"log":"2025/04/17 09:07:42 [notice] 1#1: worker process 36 exited with code 0","container_id":"a9866bd56eac5ff07054e94106ccde45abc00abf41837a7681a6001fdfdf01dc","container_name":"/pensive_ride","source":"stderr"}
2025-04-17T09:07:42+00:00	Nginxlogs	{"source":"stderr","log":"2025/04/17 09:07:42 [notice] 1#1: signal 29 (SIGIO) received","container_id":"a9866bd56eac5ff07054e94106ccde45abc00abf41837a7681a6001fdfdf01dc","container_name":"/pensive_ride"}
2025-04-17T09:07:42+00:00	Nginxlogs	{"container_id":"a9866bd56eac5ff07054e94106ccde45abc00abf41837a7681a6001fdfdf01dc","container_name":"/pensive_ride","source":"stderr","log":"2025/04/17 09:07:42 [notice] 1#1: signal 17 (SIGCHLD) received from 33"}
2025-04-17T09:07:42+00:00	Nginxlogs	{"container_id":"a9866bd56eac5ff07054e94106ccde45abc00abf41837a7681a6001fdfdf01dc","container_name":"/pensive_ride","source":"stderr","log":"2025/04/17 09:07:42 [notice] 1#1: worker process 33 exited with code 0"}
2025-04-17T09:07:42+00:00	Nginxlogs	{"log":"2025/04/17 09:07:42 [notice] 1#1: signal 29 (SIGIO) received","container_id":"a9866bd56eac5ff07054e94106ccde45abc00abf41837a7681a6001fdfdf01dc","container_name":"/pensive_ride","source":"stderr"}
2025-04-17T09:07:42+00:00	Nginxlogs	{"container_id":"a9866bd56eac5ff07054e94106ccde45abc00abf41837a7681a6001fdfdf01dc","container_name":"/pensive_ride","source":"stderr","log":"2025/04/17 09:07:42 [notice] 1#1: signal 17 (SIGCHLD) received from 30"}
2025-04-17T09:07:42+00:00	Nginxlogs	{"log":"2025/04/17 09:07:42 [notice] 1#1: worker process 30 exited with code 0","container_id":"a9866bd56eac5ff07054e94106ccde45abc00abf41837a7681a6001fdfdf01dc","container_name":"/pensive_ride","source":"stderr"}
2025-04-17T09:07:42+00:00	Nginxlogs	{"source":"stderr","log":"2025/04/17 09:07:42 [notice] 1#1: signal 29 (SIGIO) received","container_id":"a9866bd56eac5ff07054e94106ccde45abc00abf41837a7681a6001fdfdf01dc","container_name":"/pensive_ride"}
2025-04-17T09:07:42+00:00	Nginxlogs	{"container_id":"a9866bd56eac5ff07054e94106ccde45abc00abf41837a7681a6001fdfdf01dc","container_name":"/pensive_ride","source":"stderr","log":"2025/04/17 09:07:42 [notice] 1#1: signal 17 (SIGCHLD) received from 31"}
2025-04-17T09:07:42+00:00	Nginxlogs	{"source":"stderr","log":"2025/04/17 09:07:42 [notice] 1#1: worker process 31 exited with code 0","container_id":"a9866bd56eac5ff07054e94106ccde45abc00abf41837a7681a6001fdfdf01dc","container_name":"/pensive_ride"}
2025-04-17T09:07:42+00:00	Nginxlogs	{"container_name":"/pensive_ride","source":"stderr","log":"2025/04/17 09:07:42 [notice] 1#1: signal 17 (SIGCHLD) received from 32","container_id":"a9866bd56eac5ff07054e94106ccde45abc00abf41837a7681a6001fdfdf01dc"}
2025-04-17T09:07:42+00:00	Nginxlogs	{"source":"stderr","log":"2025/04/17 09:07:42 [notice] 1#1: worker process 32 exited with code 0","container_id":"a9866bd56eac5ff07054e94106ccde45abc00abf41837a7681a6001fdfdf01dc","container_name":"/pensive_ride"}
2025-04-17T09:07:42+00:00	Nginxlogs	{"container_name":"/pensive_ride","source":"stderr","log":"2025/04/17 09:07:42 [notice] 1#1: exit","container_id":"a9866bd56eac5ff07054e94106ccde45abc00abf41837a7681a6001fdfdf01dc"}
2025-04-17T09:07:54+00:00	Nginxlogs	{"container_id":"af1ced42a811aa211debb042c59e3a5d0123083695b6638e9be265119884ce7d","container_name":"/determined_hermann","source":"stdout","log":"/docker-entrypoint.sh: /docker-entrypoint.d/ is not empty, will attempt to perform configuration"}
2025-04-17T09:07:54+00:00	Nginxlogs	{"container_id":"af1ced42a811aa211debb042c59e3a5d0123083695b6638e9be265119884ce7d","container_name":"/determined_hermann","source":"stdout","log":"/docker-entrypoint.sh: Looking for shell scripts in /docker-entrypoint.d/"}
2025-04-17T09:07:54+00:00	Nginxlogs	{"source":"stdout","log":"/docker-entrypoint.sh: Launching /docker-entrypoint.d/10-listen-on-ipv6-by-default.sh","container_id":"af1ced42a811aa211debb042c59e3a5d0123083695b6638e9be265119884ce7d","container_name":"/determined_hermann"}
2025-04-17T09:07:54+00:00	Nginxlogs	{"container_id":"af1ced42a811aa211debb042c59e3a5d0123083695b6638e9be265119884ce7d","container_name":"/determined_hermann","source":"stdout","log":"10-listen-on-ipv6-by-default.sh: info: Getting the checksum of /etc/nginx/conf.d/default.conf"}
2025-04-17T09:07:54+00:00	Nginxlogs	{"source":"stdout","log":"10-listen-on-ipv6-by-default.sh: info: Enabled listen on IPv6 in /etc/nginx/conf.d/default.conf","container_id":"af1ced42a811aa211debb042c59e3a5d0123083695b6638e9be265119884ce7d","container_name":"/determined_hermann"}
2025-04-17T09:07:54+00:00	Nginxlogs	{"container_name":"/determined_hermann","source":"stdout","log":"/docker-entrypoint.sh: Sourcing /docker-entrypoint.d/15-local-resolvers.envsh","container_id":"af1ced42a811aa211debb042c59e3a5d0123083695b6638e9be265119884ce7d"}
2025-04-17T09:07:54+00:00	Nginxlogs	{"container_name":"/determined_hermann","source":"stdout","log":"/docker-entrypoint.sh: Launching /docker-entrypoint.d/20-envsubst-on-templates.sh","container_id":"af1ced42a811aa211debb042c59e3a5d0123083695b6638e9be265119884ce7d"}
2025-04-17T09:07:54+00:00	Nginxlogs	{"container_name":"/determined_hermann","source":"stdout","log":"/docker-entrypoint.sh: Launching /docker-entrypoint.d/30-tune-worker-processes.sh","container_id":"af1ced42a811aa211debb042c59e3a5d0123083695b6638e9be265119884ce7d"}
2025-04-17T09:07:54+00:00	Nginxlogs	{"container_name":"/determined_hermann","source":"stdout","log":"/docker-entrypoint.sh: Configuration complete; ready for start up","container_id":"af1ced42a811aa211debb042c59e3a5d0123083695b6638e9be265119884ce7d"}
2025-04-17T09:07:54+00:00	Nginxlogs	{"container_id":"af1ced42a811aa211debb042c59e3a5d0123083695b6638e9be265119884ce7d","container_name":"/determined_hermann","source":"stderr","log":"2025/04/17 09:07:54 [notice] 1#1: using the \"epoll\" event method"}
2025-04-17T09:07:54+00:00	Nginxlogs	{"log":"2025/04/17 09:07:54 [notice] 1#1: nginx/1.27.4","container_id":"af1ced42a811aa211debb042c59e3a5d0123083695b6638e9be265119884ce7d","container_name":"/determined_hermann","source":"stderr"}
2025-04-17T09:07:54+00:00	Nginxlogs	{"container_id":"af1ced42a811aa211debb042c59e3a5d0123083695b6638e9be265119884ce7d","container_name":"/determined_hermann","source":"stderr","log":"2025/04/17 09:07:54 [notice] 1#1: built by gcc 12.2.0 (Debian 12.2.0-14) "}
2025-04-17T09:07:54+00:00	Nginxlogs	{"container_id":"af1ced42a811aa211debb042c59e3a5d0123083695b6638e9be265119884ce7d","container_name":"/determined_hermann","source":"stderr","log":"2025/04/17 09:07:54 [notice] 1#1: OS: Linux 6.8.0-57-generic"}
2025-04-17T09:07:54+00:00	Nginxlogs	{"source":"stderr","log":"2025/04/17 09:07:54 [notice] 1#1: getrlimit(RLIMIT_NOFILE): 1048576:1048576","container_id":"af1ced42a811aa211debb042c59e3a5d0123083695b6638e9be265119884ce7d","container_name":"/determined_hermann"}
2025-04-17T09:07:54+00:00	Nginxlogs	{"source":"stderr","log":"2025/04/17 09:07:54 [notice] 1#1: start worker processes","container_id":"af1ced42a811aa211debb042c59e3a5d0123083695b6638e9be265119884ce7d","container_name":"/determined_hermann"}
2025-04-17T09:07:54+00:00	Nginxlogs	{"log":"2025/04/17 09:07:54 [notice] 1#1: start worker process 29","container_id":"af1ced42a811aa211debb042c59e3a5d0123083695b6638e9be265119884ce7d","container_name":"/determined_hermann","source":"stderr"}
2025-04-17T09:07:54+00:00	Nginxlogs	{"container_id":"af1ced42a811aa211debb042c59e3a5d0123083695b6638e9be265119884ce7d","container_name":"/determined_hermann","source":"stderr","log":"2025/04/17 09:07:54 [notice] 1#1: start worker process 30"}
2025-04-17T09:07:54+00:00	Nginxlogs	{"container_id":"af1ced42a811aa211debb042c59e3a5d0123083695b6638e9be265119884ce7d","container_name":"/determined_hermann","source":"stderr","log":"2025/04/17 09:07:54 [notice] 1#1: start worker process 31"}
2025-04-17T09:07:54+00:00	Nginxlogs	{"container_name":"/determined_hermann","source":"stderr","log":"2025/04/17 09:07:54 [notice] 1#1: start worker process 32","container_id":"af1ced42a811aa211debb042c59e3a5d0123083695b6638e9be265119884ce7d"}
2025-04-17T09:07:54+00:00	Nginxlogs	{"source":"stderr","log":"2025/04/17 09:07:54 [notice] 1#1: start worker process 33","container_id":"af1ced42a811aa211debb042c59e3a5d0123083695b6638e9be265119884ce7d","container_name":"/determined_hermann"}
2025-04-17T09:07:54+00:00	Nginxlogs	{"container_name":"/determined_hermann","source":"stderr","log":"2025/04/17 09:07:54 [notice] 1#1: start worker process 34","container_id":"af1ced42a811aa211debb042c59e3a5d0123083695b6638e9be265119884ce7d"}
2025-04-17T09:07:54+00:00	Nginxlogs	{"container_id":"af1ced42a811aa211debb042c59e3a5d0123083695b6638e9be265119884ce7d","container_name":"/determined_hermann","source":"stderr","log":"2025/04/17 09:07:54 [notice] 1#1: start worker process 35"}
2025-04-17T09:07:54+00:00	Nginxlogs	{"log":"2025/04/17 09:07:54 [notice] 1#1: start worker process 36","container_id":"af1ced42a811aa211debb042c59e3a5d0123083695b6638e9be265119884ce7d","container_name":"/determined_hermann","source":"stderr"}
2025-04-17T09:13:04+00:00	Nginxlogs	{"container_id":"21a746966431fff80a89963383a4f11108aea6e4763d7def87cd998f078437af","container_name":"/magical_cerf","source":"stdout","log":"/docker-entrypoint.sh: /docker-entrypoint.d/ is not empty, will attempt to perform configuration"}
2025-04-17T09:13:04+00:00	Nginxlogs	{"container_id":"21a746966431fff80a89963383a4f11108aea6e4763d7def87cd998f078437af","container_name":"/magical_cerf","source":"stdout","log":"/docker-entrypoint.sh: Looking for shell scripts in /docker-entrypoint.d/"}
2025-04-17T09:13:04+00:00	Nginxlogs	{"container_id":"21a746966431fff80a89963383a4f11108aea6e4763d7def87cd998f078437af","container_name":"/magical_cerf","source":"stdout","log":"/docker-entrypoint.sh: Launching /docker-entrypoint.d/10-listen-on-ipv6-by-default.sh"}
2025-04-17T09:13:04+00:00	Nginxlogs	{"source":"stdout","log":"10-listen-on-ipv6-by-default.sh: info: Getting the checksum of /etc/nginx/conf.d/default.conf","container_id":"21a746966431fff80a89963383a4f11108aea6e4763d7def87cd998f078437af","container_name":"/magical_cerf"}
2025-04-17T09:13:04+00:00	Nginxlogs	{"container_name":"/magical_cerf","source":"stdout","log":"10-listen-on-ipv6-by-default.sh: info: Enabled listen on IPv6 in /etc/nginx/conf.d/default.conf","container_id":"21a746966431fff80a89963383a4f11108aea6e4763d7def87cd998f078437af"}
2025-04-17T09:13:04+00:00	Nginxlogs	{"container_id":"21a746966431fff80a89963383a4f11108aea6e4763d7def87cd998f078437af","container_name":"/magical_cerf","source":"stdout","log":"/docker-entrypoint.sh: Sourcing /docker-entrypoint.d/15-local-resolvers.envsh"}
2025-04-17T09:13:04+00:00	Nginxlogs	{"source":"stdout","log":"/docker-entrypoint.sh: Launching /docker-entrypoint.d/20-envsubst-on-templates.sh","container_id":"21a746966431fff80a89963383a4f11108aea6e4763d7def87cd998f078437af","container_name":"/magical_cerf"}
2025-04-17T09:13:04+00:00	Nginxlogs	{"container_id":"21a746966431fff80a89963383a4f11108aea6e4763d7def87cd998f078437af","container_name":"/magical_cerf","source":"stdout","log":"/docker-entrypoint.sh: Launching /docker-entrypoint.d/30-tune-worker-processes.sh"}
2025-04-17T09:13:04+00:00	Nginxlogs	{"container_id":"21a746966431fff80a89963383a4f11108aea6e4763d7def87cd998f078437af","container_name":"/magical_cerf","source":"stdout","log":"/docker-entrypoint.sh: Configuration complete; ready for start up"}
2025-04-17T09:13:04+00:00	Nginxlogs	{"source":"stderr","log":"2025/04/17 09:13:04 [notice] 1#1: using the \"epoll\" event method","container_id":"21a746966431fff80a89963383a4f11108aea6e4763d7def87cd998f078437af","container_name":"/magical_cerf"}
2025-04-17T09:13:04+00:00	Nginxlogs	{"source":"stderr","log":"2025/04/17 09:13:04 [notice] 1#1: nginx/1.27.4","container_id":"21a746966431fff80a89963383a4f11108aea6e4763d7def87cd998f078437af","container_name":"/magical_cerf"}
2025-04-17T09:13:04+00:00	Nginxlogs	{"container_name":"/magical_cerf","source":"stderr","log":"2025/04/17 09:13:04 [notice] 1#1: built by gcc 12.2.0 (Debian 12.2.0-14) ","container_id":"21a746966431fff80a89963383a4f11108aea6e4763d7def87cd998f078437af"}
2025-04-17T09:13:04+00:00	Nginxlogs	{"source":"stderr","log":"2025/04/17 09:13:04 [notice] 1#1: OS: Linux 6.8.0-57-generic","container_id":"21a746966431fff80a89963383a4f11108aea6e4763d7def87cd998f078437af","container_name":"/magical_cerf"}
2025-04-17T09:13:04+00:00	Nginxlogs	{"source":"stderr","log":"2025/04/17 09:13:04 [notice] 1#1: getrlimit(RLIMIT_NOFILE): 1048576:1048576","container_id":"21a746966431fff80a89963383a4f11108aea6e4763d7def87cd998f078437af","container_name":"/magical_cerf"}
2025-04-17T09:13:04+00:00	Nginxlogs	{"container_name":"/magical_cerf","source":"stderr","log":"2025/04/17 09:13:04 [notice] 1#1: start worker processes","container_id":"21a746966431fff80a89963383a4f11108aea6e4763d7def87cd998f078437af"}
2025-04-17T09:13:04+00:00	Nginxlogs	{"container_name":"/magical_cerf","source":"stderr","log":"2025/04/17 09:13:04 [notice] 1#1: start worker process 29","container_id":"21a746966431fff80a89963383a4f11108aea6e4763d7def87cd998f078437af"}
2025-04-17T09:13:04+00:00	Nginxlogs	{"container_name":"/magical_cerf","source":"stderr","log":"2025/04/17 09:13:04 [notice] 1#1: start worker process 30","container_id":"21a746966431fff80a89963383a4f11108aea6e4763d7def87cd998f078437af"}
2025-04-17T09:13:04+00:00	Nginxlogs	{"container_id":"21a746966431fff80a89963383a4f11108aea6e4763d7def87cd998f078437af","container_name":"/magical_cerf","source":"stderr","log":"2025/04/17 09:13:04 [notice] 1#1: start worker process 31"}
2025-04-17T09:13:04+00:00	Nginxlogs	{"container_name":"/magical_cerf","source":"stderr","log":"2025/04/17 09:13:04 [notice] 1#1: start worker process 32","container_id":"21a746966431fff80a89963383a4f11108aea6e4763d7def87cd998f078437af"}
2025-04-17T09:13:04+00:00	Nginxlogs	{"source":"stderr","log":"2025/04/17 09:13:04 [notice] 1#1: start worker process 33","container_id":"21a746966431fff80a89963383a4f11108aea6e4763d7def87cd998f078437af","container_name":"/magical_cerf"}
2025-04-17T09:13:04+00:00	Nginxlogs	{"source":"stderr","log":"2025/04/17 09:13:04 [notice] 1#1: start worker process 34","container_id":"21a746966431fff80a89963383a4f11108aea6e4763d7def87cd998f078437af","container_name":"/magical_cerf"}
2025-04-17T09:13:04+00:00	Nginxlogs	{"container_name":"/magical_cerf","source":"stderr","log":"2025/04/17 09:13:04 [notice] 1#1: start worker process 35","container_id":"21a746966431fff80a89963383a4f11108aea6e4763d7def87cd998f078437af"}
2025-04-17T09:13:04+00:00	Nginxlogs	{"container_id":"21a746966431fff80a89963383a4f11108aea6e4763d7def87cd998f078437af","container_name":"/magical_cerf","source":"stderr","log":"2025/04/17 09:13:04 [notice] 1#1: start worker process 36"}
2025-04-17T09:17:26+00:00	container-	{"source":"stdout","log":"/docker-entrypoint.sh: /docker-entrypoint.d/ is not empty, will attempt to perform configuration","container_id":"9600e7036cfd1fe263db95e3dadab04f77ebede6ea15c305425c2c7beaece786","container_name":"/competent_moore"}
2025-04-17T09:17:26+00:00	container-	{"container_id":"9600e7036cfd1fe263db95e3dadab04f77ebede6ea15c305425c2c7beaece786","container_name":"/competent_moore","source":"stdout","log":"/docker-entrypoint.sh: Looking for shell scripts in /docker-entrypoint.d/"}
2025-04-17T09:17:26+00:00	container-	{"container_name":"/competent_moore","source":"stdout","log":"/docker-entrypoint.sh: Launching /docker-entrypoint.d/10-listen-on-ipv6-by-default.sh","container_id":"9600e7036cfd1fe263db95e3dadab04f77ebede6ea15c305425c2c7beaece786"}
2025-04-17T09:17:26+00:00	container-	{"source":"stdout","log":"10-listen-on-ipv6-by-default.sh: info: Getting the checksum of /etc/nginx/conf.d/default.conf","container_id":"9600e7036cfd1fe263db95e3dadab04f77ebede6ea15c305425c2c7beaece786","container_name":"/competent_moore"}
2025-04-17T09:17:26+00:00	container-	{"log":"10-listen-on-ipv6-by-default.sh: info: Enabled listen on IPv6 in /etc/nginx/conf.d/default.conf","container_id":"9600e7036cfd1fe263db95e3dadab04f77ebede6ea15c305425c2c7beaece786","container_name":"/competent_moore","source":"stdout"}
2025-04-17T09:17:26+00:00	container-	{"container_id":"9600e7036cfd1fe263db95e3dadab04f77ebede6ea15c305425c2c7beaece786","container_name":"/competent_moore","source":"stdout","log":"/docker-entrypoint.sh: Sourcing /docker-entrypoint.d/15-local-resolvers.envsh"}
2025-04-17T09:17:26+00:00	container-	{"container_id":"9600e7036cfd1fe263db95e3dadab04f77ebede6ea15c305425c2c7beaece786","container_name":"/competent_moore","source":"stdout","log":"/docker-entrypoint.sh: Launching /docker-entrypoint.d/20-envsubst-on-templates.sh"}
2025-04-17T09:17:26+00:00	container-	{"container_name":"/competent_moore","source":"stdout","log":"/docker-entrypoint.sh: Launching /docker-entrypoint.d/30-tune-worker-processes.sh","container_id":"9600e7036cfd1fe263db95e3dadab04f77ebede6ea15c305425c2c7beaece786"}
2025-04-17T09:17:26+00:00	container-	{"container_id":"9600e7036cfd1fe263db95e3dadab04f77ebede6ea15c305425c2c7beaece786","container_name":"/competent_moore","source":"stdout","log":"/docker-entrypoint.sh: Configuration complete; ready for start up"}
2025-04-17T09:17:26+00:00	container-	{"log":"2025/04/17 09:17:26 [notice] 1#1: using the \"epoll\" event method","container_id":"9600e7036cfd1fe263db95e3dadab04f77ebede6ea15c305425c2c7beaece786","container_name":"/competent_moore","source":"stderr"}
2025-04-17T09:17:26+00:00	container-	{"log":"2025/04/17 09:17:26 [notice] 1#1: nginx/1.27.4","container_id":"9600e7036cfd1fe263db95e3dadab04f77ebede6ea15c305425c2c7beaece786","container_name":"/competent_moore","source":"stderr"}
2025-04-17T09:17:26+00:00	container-	{"container_id":"9600e7036cfd1fe263db95e3dadab04f77ebede6ea15c305425c2c7beaece786","container_name":"/competent_moore","source":"stderr","log":"2025/04/17 09:17:26 [notice] 1#1: built by gcc 12.2.0 (Debian 12.2.0-14) "}
2025-04-17T09:17:26+00:00	container-	{"container_id":"9600e7036cfd1fe263db95e3dadab04f77ebede6ea15c305425c2c7beaece786","container_name":"/competent_moore","source":"stderr","log":"2025/04/17 09:17:26 [notice] 1#1: OS: Linux 6.8.0-57-generic"}
2025-04-17T09:17:26+00:00	container-	{"container_id":"9600e7036cfd1fe263db95e3dadab04f77ebede6ea15c305425c2c7beaece786","container_name":"/competent_moore","source":"stderr","log":"2025/04/17 09:17:26 [notice] 1#1: getrlimit(RLIMIT_NOFILE): 1048576:1048576"}
2025-04-17T09:17:26+00:00	container-	{"container_name":"/competent_moore","source":"stderr","log":"2025/04/17 09:17:26 [notice] 1#1: start worker processes","container_id":"9600e7036cfd1fe263db95e3dadab04f77ebede6ea15c305425c2c7beaece786"}
2025-04-17T09:17:26+00:00	container-	{"log":"2025/04/17 09:17:26 [notice] 1#1: start worker process 29","container_id":"9600e7036cfd1fe263db95e3dadab04f77ebede6ea15c305425c2c7beaece786","container_name":"/competent_moore","source":"stderr"}
2025-04-17T09:17:26+00:00	container-	{"log":"2025/04/17 09:17:26 [notice] 1#1: start worker process 30","container_id":"9600e7036cfd1fe263db95e3dadab04f77ebede6ea15c305425c2c7beaece786","container_name":"/competent_moore","source":"stderr"}
2025-04-17T09:17:26+00:00	container-	{"source":"stderr","log":"2025/04/17 09:17:26 [notice] 1#1: start worker process 31","container_id":"9600e7036cfd1fe263db95e3dadab04f77ebede6ea15c305425c2c7beaece786","container_name":"/competent_moore"}
2025-04-17T09:17:26+00:00	container-	{"container_id":"9600e7036cfd1fe263db95e3dadab04f77ebede6ea15c305425c2c7beaece786","container_name":"/competent_moore","source":"stderr","log":"2025/04/17 09:17:26 [notice] 1#1: start worker process 32"}
2025-04-17T09:17:26+00:00	container-	{"log":"2025/04/17 09:17:26 [notice] 1#1: start worker process 33","container_id":"9600e7036cfd1fe263db95e3dadab04f77ebede6ea15c305425c2c7beaece786","container_name":"/competent_moore","source":"stderr"}
2025-04-17T09:17:26+00:00	container-	{"container_id":"9600e7036cfd1fe263db95e3dadab04f77ebede6ea15c305425c2c7beaece786","container_name":"/competent_moore","source":"stderr","log":"2025/04/17 09:17:26 [notice] 1#1: start worker process 34"}
2025-04-17T09:17:26+00:00	container-	{"source":"stderr","log":"2025/04/17 09:17:26 [notice] 1#1: start worker process 35","container_id":"9600e7036cfd1fe263db95e3dadab04f77ebede6ea15c305425c2c7beaece786","container_name":"/competent_moore"}
2025-04-17T09:17:26+00:00	container-	{"log":"2025/04/17 09:17:26 [notice] 1#1: start worker process 36","container_id":"9600e7036cfd1fe263db95e3dadab04f77ebede6ea15c305425c2c7beaece786","container_name":"/competent_moore","source":"stderr"}
2025-04-17T09:18:59+00:00	container-	{"log":"Hello from busybox","container_id":"3daa412a5577a35356ccdfc57e552cf9e0c43bf878ddce020f364b16b05cac86","container_name":"/reverent_lumiere","source":"stdout"}
2025-04-17T09:20:07+00:00	container-busybox	{"source":"stdout","log":"Hello from busybox","container_id":"2c8bdb6dae15885720ecfaf1c82f6888fc82d05f1a1e37e34f7317b1747d88a4","container_name":"/loving_zhukovsky"}
2025-04-17T09:22:52+00:00	container-	{"log":"Hello from myapp","container_id":"f270f2af220561178d287029fa36d546b6ad3350852cae3dbad79604e7778c6b","container_name":"/myapp","source":"stdout"}
2025-04-17T09:23:43+00:00	container-	{"source":"stdout","log":"Hello from myapp","container_id":"70d38de6ac335725fc50d679c3444822f661a6045834dd76c35192827f8d6219","container_name":"/myapp1"}
